<?xml version="1.0" encoding="UTF-8"?>
<testng-results ignored="0" total="1" passed="1" failed="0" skipped="0">
  <reporter-output>
  </reporter-output>
  <suite started-at="2021-05-24T08:06:00 IST" name="ZileDocV1" finished-at="2021-05-24T08:06:09 IST" duration-ms="8560">
    <groups>
    </groups>
    <test started-at="2021-05-24T08:06:00 IST" name="ZileDoc Test" finished-at="2021-05-24T08:06:09 IST" duration-ms="8560">
      <class name="com.ziledoc.testCases.TC_LoginTest_001">
        <test-method is-config="true" signature="setup(java.lang.String)[pri:0, instance:com.ziledoc.testCases.TC_LoginTest_001@2beee7ff]" started-at="2021-05-24T08:06:01 IST" name="setup" finished-at="2021-05-24T08:06:08 IST" duration-ms="7471" status="PASS">
          <params>
            <param index="0">
              <value>
                <![CDATA[chrome]]>
              </value>
            </param>
          </params>
          <reporter-output>
          </reporter-output>
        </test-method> <!-- setup -->
        <test-method signature="loginTest()[pri:0, instance:com.ziledoc.testCases.TC_LoginTest_001@2beee7ff]" started-at="2021-05-24T08:06:08 IST" name="loginTest" finished-at="2021-05-24T08:06:09 IST" duration-ms="763" status="PASS">
          <reporter-output>
          </reporter-output>
        </test-method> <!-- loginTest -->
        <test-method is-config="true" signature="teardown()[pri:0, instance:com.ziledoc.testCases.TC_LoginTest_001@2beee7ff]" started-at="2021-05-24T08:06:09 IST" name="teardown" finished-at="2021-05-24T08:06:09 IST" duration-ms="93" status="PASS">
          <reporter-output>
          </reporter-output>
        </test-method> <!-- teardown -->
      </class> <!-- com.ziledoc.testCases.TC_LoginTest_001 -->
    </test> <!-- ZileDoc Test -->
  </suite> <!-- ZileDocV1 -->
</testng-results>
